0 info it worked if it ends with ok
1 verbose cli [ 'C:\\Program Files\\nodejs\\node.exe',
1 verbose cli   'C:\\Program Files\\nodejs\\node_modules\\npm\\bin\\npm-cli.js',
1 verbose cli   'i',
1 verbose cli   'gulp',
1 verbose cli   '--save-dev' ]
2 info using npm@3.8.3
3 info using node@v5.10.1
4 silly loadCurrentTree Starting
5 silly install loadCurrentTree
6 silly install readLocalPackageData
7 silly fetchPackageMetaData gulp
8 silly fetchNamedPackageData gulp
9 silly mapToRegistry name gulp
10 silly mapToRegistry using default registry
11 silly mapToRegistry registry https://registry.npmjs.org/
12 silly mapToRegistry data Result {
12 silly mapToRegistry   raw: 'gulp',
12 silly mapToRegistry   scope: null,
12 silly mapToRegistry   name: 'gulp',
12 silly mapToRegistry   rawSpec: '',
12 silly mapToRegistry   spec: 'latest',
12 silly mapToRegistry   type: 'tag' }
13 silly mapToRegistry uri https://registry.npmjs.org/gulp
14 verbose request uri https://registry.npmjs.org/gulp
15 verbose request no auth needed
16 info attempt registry request try #1 at 13:55:45
17 verbose request id ba6daa1bf953f915
18 verbose etag "A4DMNKU4BFP4EBDBYWVJBHKKE"
19 http request GET https://registry.npmjs.org/gulp
20 http 200 https://registry.npmjs.org/gulp
21 verbose headers { server: 'CouchDB/1.5.0 (Erlang OTP/R16B03)',
21 verbose headers   etag: '"DWRJ9U4THKH9F87BD2V3M2NFY"',
21 verbose headers   'content-type': 'application/json',
21 verbose headers   'cache-control': 'max-age=300',
21 verbose headers   'content-length': '113984',
21 verbose headers   'accept-ranges': 'bytes',
21 verbose headers   date: 'Wed, 04 May 2016 09:55:45 GMT',
21 verbose headers   via: '1.1 varnish',
21 verbose headers   age: '172',
21 verbose headers   connection: 'keep-alive',
21 verbose headers   'x-served-by': 'cache-fra1225-FRA',
21 verbose headers   'x-cache': 'HIT',
21 verbose headers   'x-cache-hits': '11',
21 verbose headers   'x-timer': 'S1462355745.313774,VS0,VE0',
21 verbose headers   vary: 'Accept-Encoding' }
22 silly get cb [ 200,
22 silly get   { server: 'CouchDB/1.5.0 (Erlang OTP/R16B03)',
22 silly get     etag: '"DWRJ9U4THKH9F87BD2V3M2NFY"',
22 silly get     'content-type': 'application/json',
22 silly get     'cache-control': 'max-age=300',
22 silly get     'content-length': '113984',
22 silly get     'accept-ranges': 'bytes',
22 silly get     date: 'Wed, 04 May 2016 09:55:45 GMT',
22 silly get     via: '1.1 varnish',
22 silly get     age: '172',
22 silly get     connection: 'keep-alive',
22 silly get     'x-served-by': 'cache-fra1225-FRA',
22 silly get     'x-cache': 'HIT',
22 silly get     'x-cache-hits': '11',
22 silly get     'x-timer': 'S1462355745.313774,VS0,VE0',
22 silly get     vary: 'Accept-Encoding' } ]
23 verbose get saving gulp to C:\Users\Пирс\AppData\Roaming\npm-cache\registry.npmjs.org\gulp\.cache.json
24 verbose correctMkdir C:\Users\Пирс\AppData\Roaming\npm-cache correctMkdir not in flight; initializing
25 silly install normalizeTree
26 silly loadCurrentTree Finishing
27 silly loadIdealTree Starting
28 silly install loadIdealTree
29 silly cloneCurrentTree Starting
30 silly install cloneCurrentTreeToIdealTree
31 silly cloneCurrentTree Finishing
32 silly loadShrinkwrap Starting
33 silly install loadShrinkwrap
34 silly loadShrinkwrap Finishing
35 silly loadAllDepsIntoIdealTree Starting
36 silly install loadAllDepsIntoIdealTree
37 silly rollbackFailedOptional Starting
38 silly rollbackFailedOptional Finishing
39 silly runTopLevelLifecycles Starting
40 silly runTopLevelLifecycles Finishing
41 silly install printInstalled
42 verbose stack Error: Refusing to install gulp as a dependency of itself
42 verbose stack     at checkSelf (C:\Program Files\nodejs\node_modules\npm\lib\install\validate-args.js:53:14)
42 verbose stack     at Array.<anonymous> (C:\Program Files\nodejs\node_modules\npm\node_modules\slide\lib\bind-actor.js:15:8)
42 verbose stack     at LOOP (C:\Program Files\nodejs\node_modules\npm\node_modules\slide\lib\chain.js:15:14)
42 verbose stack     at chain (C:\Program Files\nodejs\node_modules\npm\node_modules\slide\lib\chain.js:20:5)
42 verbose stack     at C:\Program Files\nodejs\node_modules\npm\lib\install\validate-args.js:16:5
42 verbose stack     at C:\Program Files\nodejs\node_modules\npm\node_modules\slide\lib\async-map.js:52:35
42 verbose stack     at Array.forEach (native)
42 verbose stack     at C:\Program Files\nodejs\node_modules\npm\node_modules\slide\lib\async-map.js:52:11
42 verbose stack     at Array.forEach (native)
42 verbose stack     at asyncMap (C:\Program Files\nodejs\node_modules\npm\node_modules\slide\lib\async-map.js:51:8)
43 verbose cwd D:\front-end\repositories\PrestigCar
44 error Windows_NT 6.1.7601
45 error argv "C:\\Program Files\\nodejs\\node.exe" "C:\\Program Files\\nodejs\\node_modules\\npm\\bin\\npm-cli.js" "i" "gulp" "--save-dev"
46 error node v5.10.1
47 error npm  v3.8.3
48 error code ENOSELF
49 error Refusing to install gulp as a dependency of itself
50 error If you need help, you may report this error at:
50 error     <https://github.com/npm/npm/issues>
51 verbose exit [ 1, true ]
